2019-12-06 08:47:16,610 INFO com.neo.gw.NeovasapiApplication [main] Starting NeovasapiApplication on DESKTOP-OL2KA0Q with PID 21244 (D:\IdeaProjects\NEOVASAPI\target\classes started by asus in D:\IdeaProjects\NEOVASAPI)
2019-12-06 08:47:16,612 DEBUG com.neo.gw.NeovasapiApplication [main] Running with Spring Boot v2.2.1.RELEASE, Spring v5.2.1.RELEASE
2019-12-06 08:47:16,612 INFO com.neo.gw.NeovasapiApplication [main] No active profile set, falling back to default profiles: default
2019-12-06 08:47:17,055 INFO com.neo.gw.NeovasapiApplication [main] Started NeovasapiApplication in 0.8 seconds (JVM running for 2.596)
2019-12-06 08:49:14,050 INFO com.neo.gw.NeovasapiApplication [main] Starting NeovasapiApplication on DESKTOP-OL2KA0Q with PID 12932 (D:\IdeaProjects\NEOVASAPI\target\classes started by asus in D:\IdeaProjects\NEOVASAPI)
2019-12-06 08:49:14,053 DEBUG com.neo.gw.NeovasapiApplication [main] Running with Spring Boot v2.2.1.RELEASE, Spring v5.2.1.RELEASE
2019-12-06 08:49:14,054 INFO com.neo.gw.NeovasapiApplication [main] No active profile set, falling back to default profiles: default
2019-12-06 08:49:14,523 INFO com.neo.gw.NeovasapiApplication [main] Started NeovasapiApplication in 0.715 seconds (JVM running for 1.576)
2019-12-06 08:50:38,623 INFO com.neo.gw.NeovasapiApplication [main] Starting NeovasapiApplication on DESKTOP-OL2KA0Q with PID 23296 (D:\IdeaProjects\NEOVASAPI\target\classes started by asus in D:\IdeaProjects\NEOVASAPI)
2019-12-06 08:50:38,625 DEBUG com.neo.gw.NeovasapiApplication [main] Running with Spring Boot v2.2.1.RELEASE, Spring v5.2.1.RELEASE
2019-12-06 08:50:38,626 INFO com.neo.gw.NeovasapiApplication [main] No active profile set, falling back to default profiles: default
2019-12-06 08:50:39,109 INFO com.neo.gw.NeovasapiApplication [main] Started NeovasapiApplication in 0.777 seconds (JVM running for 1.623)
2019-12-06 08:52:28,880 INFO com.neo.gw.NeovasapiApplication [main] Starting NeovasapiApplication on DESKTOP-OL2KA0Q with PID 9400 (D:\IdeaProjects\NEOVASAPI\target\classes started by asus in D:\IdeaProjects\NEOVASAPI)
2019-12-06 08:52:28,882 DEBUG com.neo.gw.NeovasapiApplication [main] Running with Spring Boot v2.2.1.RELEASE, Spring v5.2.1.RELEASE
2019-12-06 08:52:28,883 INFO com.neo.gw.NeovasapiApplication [main] No active profile set, falling back to default profiles: default
2019-12-06 08:52:30,276 INFO com.neo.gw.NeovasapiApplication [main] Started NeovasapiApplication in 1.681 seconds (JVM running for 2.491)
2019-12-06 08:54:36,063 INFO com.neo.gw.NeovasapiApplication [main] Starting NeovasapiApplication on DESKTOP-OL2KA0Q with PID 12804 (D:\IdeaProjects\NEOVASAPI\target\classes started by asus in D:\IdeaProjects\NEOVASAPI)
2019-12-06 08:54:36,066 DEBUG com.neo.gw.NeovasapiApplication [main] Running with Spring Boot v2.2.1.RELEASE, Spring v5.2.1.RELEASE
2019-12-06 08:54:36,067 INFO com.neo.gw.NeovasapiApplication [main] No active profile set, falling back to default profiles: default
2019-12-06 08:54:37,115 INFO com.neo.gw.NeovasapiApplication [main] Started NeovasapiApplication in 1.308 seconds (JVM running for 2.179)
2019-12-06 08:55:07,735 INFO com.neo.gw.NeovasapiApplication [main] Starting NeovasapiApplication on DESKTOP-OL2KA0Q with PID 23968 (D:\IdeaProjects\NEOVASAPI\target\classes started by asus in D:\IdeaProjects\NEOVASAPI)
2019-12-06 08:55:07,738 DEBUG com.neo.gw.NeovasapiApplication [main] Running with Spring Boot v2.2.1.RELEASE, Spring v5.2.1.RELEASE
2019-12-06 08:55:07,738 INFO com.neo.gw.NeovasapiApplication [main] No active profile set, falling back to default profiles: default
2019-12-06 08:55:08,825 INFO com.neo.gw.NeovasapiApplication [main] Started NeovasapiApplication in 1.355 seconds (JVM running for 2.173)
2019-12-06 08:55:45,577 INFO com.neo.gw.NeovasapiApplication [main] Starting NeovasapiApplication on DESKTOP-OL2KA0Q with PID 20196 (D:\IdeaProjects\NEOVASAPI\target\classes started by asus in D:\IdeaProjects\NEOVASAPI)
2019-12-06 08:55:45,580 DEBUG com.neo.gw.NeovasapiApplication [main] Running with Spring Boot v2.2.1.RELEASE, Spring v5.2.1.RELEASE
2019-12-06 08:55:45,580 INFO com.neo.gw.NeovasapiApplication [main] No active profile set, falling back to default profiles: default
2019-12-06 08:55:46,626 INFO com.neo.gw.NeovasapiApplication [main] Started NeovasapiApplication in 1.308 seconds (JVM running for 2.097)
2019-12-06 09:00:53,621 INFO com.neo.gw.NeovasapiApplication [main] Starting NeovasapiApplication on DESKTOP-OL2KA0Q with PID 5472 (D:\IdeaProjects\NEOVASAPI\target\classes started by asus in D:\IdeaProjects\NEOVASAPI)
2019-12-06 09:00:53,624 DEBUG com.neo.gw.NeovasapiApplication [main] Running with Spring Boot v2.2.1.RELEASE, Spring v5.2.1.RELEASE
2019-12-06 09:00:53,625 INFO com.neo.gw.NeovasapiApplication [main] No active profile set, falling back to default profiles: default
2019-12-06 09:00:54,662 INFO com.neo.gw.NeovasapiApplication [main] Started NeovasapiApplication in 1.319 seconds (JVM running for 2.19)
2019-12-06 10:04:07,952 INFO com.neo.gw.NeovasapiApplication [main] Starting NeovasapiApplication on DESKTOP-OL2KA0Q with PID 19596 (D:\IdeaProjects\NEOVASAPI\target\classes started by asus in D:\IdeaProjects\NEOVASAPI)
2019-12-06 10:04:07,956 DEBUG com.neo.gw.NeovasapiApplication [main] Running with Spring Boot v2.2.1.RELEASE, Spring v5.2.1.RELEASE
2019-12-06 10:04:07,957 INFO com.neo.gw.NeovasapiApplication [main] No active profile set, falling back to default profiles: default
2019-12-06 10:04:09,050 INFO com.neo.gw.NeovasapiApplication [main] Started NeovasapiApplication in 1.382 seconds (JVM running for 2.318)
2019-12-06 10:04:11,863 ERROR org.apache.catalina.core.ContainerBase.[Tomcat].[localhost].[/].[dispatcherServlet] [http-nio-8080-exec-1] Servlet.service() for servlet [dispatcherServlet] in context with path [] threw exception [Request processing failed; nested exception is java.lang.NullPointerException] with root cause
java.lang.NullPointerException: null
	at com.neo.gw.services.PipelineChannelImpl.execute(PipelineChannelImpl.java:13)
	at com.neo.gw.services.PipelineChannelImpl.execute(PipelineChannelImpl.java:7)
	at com.neo.gw.controller.SimpleController.lambda$testData$0(SimpleController.java:58)
	at java.util.concurrent.ConcurrentHashMap.forEach(ConcurrentHashMap.java:1597)
	at com.neo.gw.controller.SimpleController.testData(SimpleController.java:51)
	at sun.reflect.NativeMethodAccessorImpl.invoke0(Native Method)
	at sun.reflect.NativeMethodAccessorImpl.invoke(NativeMethodAccessorImpl.java:62)
	at sun.reflect.DelegatingMethodAccessorImpl.invoke(DelegatingMethodAccessorImpl.java:43)
	at java.lang.reflect.Method.invoke(Method.java:498)
	at org.springframework.web.method.support.InvocableHandlerMethod.doInvoke(InvocableHandlerMethod.java:190)
	at org.springframework.web.method.support.InvocableHandlerMethod.invokeForRequest(InvocableHandlerMethod.java:138)
	at org.springframework.web.servlet.mvc.method.annotation.ServletInvocableHandlerMethod.invokeAndHandle(ServletInvocableHandlerMethod.java:106)
	at org.springframework.web.servlet.mvc.method.annotation.RequestMappingHandlerAdapter.invokeHandlerMethod(RequestMappingHandlerAdapter.java:888)
	at org.springframework.web.servlet.mvc.method.annotation.RequestMappingHandlerAdapter.handleInternal(RequestMappingHandlerAdapter.java:793)
	at org.springframework.web.servlet.mvc.method.AbstractHandlerMethodAdapter.handle(AbstractHandlerMethodAdapter.java:87)
	at org.springframework.web.servlet.DispatcherServlet.doDispatch(DispatcherServlet.java:1040)
	at org.springframework.web.servlet.DispatcherServlet.doService(DispatcherServlet.java:943)
	at org.springframework.web.servlet.FrameworkServlet.processRequest(FrameworkServlet.java:1006)
	at org.springframework.web.servlet.FrameworkServlet.doGet(FrameworkServlet.java:898)
	at javax.servlet.http.HttpServlet.service(HttpServlet.java:634)
	at org.springframework.web.servlet.FrameworkServlet.service(FrameworkServlet.java:883)
	at javax.servlet.http.HttpServlet.service(HttpServlet.java:741)
	at org.apache.catalina.core.ApplicationFilterChain.internalDoFilter(ApplicationFilterChain.java:231)
	at org.apache.catalina.core.ApplicationFilterChain.doFilter(ApplicationFilterChain.java:166)
	at org.apache.tomcat.websocket.server.WsFilter.doFilter(WsFilter.java:53)
	at org.apache.catalina.core.ApplicationFilterChain.internalDoFilter(ApplicationFilterChain.java:193)
	at org.apache.catalina.core.ApplicationFilterChain.doFilter(ApplicationFilterChain.java:166)
	at org.springframework.web.filter.RequestContextFilter.doFilterInternal(RequestContextFilter.java:100)
	at org.springframework.web.filter.OncePerRequestFilter.doFilter(OncePerRequestFilter.java:119)
	at org.apache.catalina.core.ApplicationFilterChain.internalDoFilter(ApplicationFilterChain.java:193)
	at org.apache.catalina.core.ApplicationFilterChain.doFilter(ApplicationFilterChain.java:166)
	at org.springframework.web.filter.FormContentFilter.doFilterInternal(FormContentFilter.java:93)
	at org.springframework.web.filter.OncePerRequestFilter.doFilter(OncePerRequestFilter.java:119)
	at org.apache.catalina.core.ApplicationFilterChain.internalDoFilter(ApplicationFilterChain.java:193)
	at org.apache.catalina.core.ApplicationFilterChain.doFilter(ApplicationFilterChain.java:166)
	at org.springframework.web.filter.CharacterEncodingFilter.doFilterInternal(CharacterEncodingFilter.java:201)
	at org.springframework.web.filter.OncePerRequestFilter.doFilter(OncePerRequestFilter.java:119)
	at org.apache.catalina.core.ApplicationFilterChain.internalDoFilter(ApplicationFilterChain.java:193)
	at org.apache.catalina.core.ApplicationFilterChain.doFilter(ApplicationFilterChain.java:166)
	at org.apache.catalina.core.StandardWrapperValve.invoke(StandardWrapperValve.java:202)
	at org.apache.catalina.core.StandardContextValve.invoke(StandardContextValve.java:96)
	at org.apache.catalina.authenticator.AuthenticatorBase.invoke(AuthenticatorBase.java:526)
	at org.apache.catalina.core.StandardHostValve.invoke(StandardHostValve.java:139)
	at org.apache.catalina.valves.ErrorReportValve.invoke(ErrorReportValve.java:92)
	at org.apache.catalina.core.StandardEngineValve.invoke(StandardEngineValve.java:74)
	at org.apache.catalina.connector.CoyoteAdapter.service(CoyoteAdapter.java:343)
	at org.apache.coyote.http11.Http11Processor.service(Http11Processor.java:408)
	at org.apache.coyote.AbstractProcessorLight.process(AbstractProcessorLight.java:66)
	at org.apache.coyote.AbstractProtocol$ConnectionHandler.process(AbstractProtocol.java:861)
	at org.apache.tomcat.util.net.NioEndpoint$SocketProcessor.doRun(NioEndpoint.java:1579)
	at org.apache.tomcat.util.net.SocketProcessorBase.run(SocketProcessorBase.java:49)
	at java.util.concurrent.ThreadPoolExecutor.runWorker(ThreadPoolExecutor.java:1149)
	at java.util.concurrent.ThreadPoolExecutor$Worker.run(ThreadPoolExecutor.java:624)
	at org.apache.tomcat.util.threads.TaskThread$WrappingRunnable.run(TaskThread.java:61)
	at java.lang.Thread.run(Thread.java:748)
2019-12-06 10:06:00,168 INFO com.neo.gw.NeovasapiApplication [main] Starting NeovasapiApplication on DESKTOP-OL2KA0Q with PID 21084 (D:\IdeaProjects\NEOVASAPI\target\classes started by asus in D:\IdeaProjects\NEOVASAPI)
2019-12-06 10:06:00,171 DEBUG com.neo.gw.NeovasapiApplication [main] Running with Spring Boot v2.2.1.RELEASE, Spring v5.2.1.RELEASE
2019-12-06 10:06:00,172 INFO com.neo.gw.NeovasapiApplication [main] No active profile set, falling back to default profiles: default
2019-12-06 10:06:01,219 INFO com.neo.gw.NeovasapiApplication [main] Started NeovasapiApplication in 1.319 seconds (JVM running for 2.122)
2019-12-06 10:08:48,018 INFO com.neo.gw.NeovasapiApplication [main] Starting NeovasapiApplication on DESKTOP-OL2KA0Q with PID 13996 (D:\IdeaProjects\NEOVASAPI\target\classes started by asus in D:\IdeaProjects\NEOVASAPI)
2019-12-06 10:08:48,021 DEBUG com.neo.gw.NeovasapiApplication [main] Running with Spring Boot v2.2.1.RELEASE, Spring v5.2.1.RELEASE
2019-12-06 10:08:48,021 INFO com.neo.gw.NeovasapiApplication [main] No active profile set, falling back to default profiles: default
2019-12-06 10:08:49,079 INFO com.neo.gw.NeovasapiApplication [main] Started NeovasapiApplication in 1.309 seconds (JVM running for 2.091)
2019-12-06 10:11:52,224 INFO com.neo.gw.NeovasapiApplication [main] Starting NeovasapiApplication on DESKTOP-OL2KA0Q with PID 13812 (D:\IdeaProjects\NEOVASAPI\target\classes started by asus in D:\IdeaProjects\NEOVASAPI)
2019-12-06 10:11:52,226 DEBUG com.neo.gw.NeovasapiApplication [main] Running with Spring Boot v2.2.1.RELEASE, Spring v5.2.1.RELEASE
2019-12-06 10:11:52,227 INFO com.neo.gw.NeovasapiApplication [main] No active profile set, falling back to default profiles: default
2019-12-06 10:11:53,340 INFO com.neo.gw.NeovasapiApplication [main] Started NeovasapiApplication in 1.383 seconds (JVM running for 2.202)
2019-12-06 10:19:08,203 INFO com.neo.gw.NeovasapiApplication [main] Starting NeovasapiApplication on DESKTOP-OL2KA0Q with PID 23072 (D:\IdeaProjects\NEOVASAPI\target\classes started by asus in D:\IdeaProjects\NEOVASAPI)
2019-12-06 10:19:08,205 DEBUG com.neo.gw.NeovasapiApplication [main] Running with Spring Boot v2.2.1.RELEASE, Spring v5.2.1.RELEASE
2019-12-06 10:19:08,206 INFO com.neo.gw.NeovasapiApplication [main] No active profile set, falling back to default profiles: default
2019-12-06 10:19:09,250 INFO com.neo.gw.NeovasapiApplication [main] Started NeovasapiApplication in 1.351 seconds (JVM running for 2.102)
2019-12-06 10:20:54,802 INFO com.neo.gw.NeovasapiApplication [main] Starting NeovasapiApplication on DESKTOP-OL2KA0Q with PID 22820 (D:\IdeaProjects\NEOVASAPI\target\classes started by asus in D:\IdeaProjects\NEOVASAPI)
2019-12-06 10:20:54,805 DEBUG com.neo.gw.NeovasapiApplication [main] Running with Spring Boot v2.2.1.RELEASE, Spring v5.2.1.RELEASE
2019-12-06 10:20:54,806 INFO com.neo.gw.NeovasapiApplication [main] No active profile set, falling back to default profiles: default
2019-12-06 10:20:55,947 INFO com.neo.gw.NeovasapiApplication [main] Started NeovasapiApplication in 1.429 seconds (JVM running for 2.286)
2019-12-06 10:32:18,684 INFO com.neo.gw.NeovasapiApplication [main] Starting NeovasapiApplication on DESKTOP-OL2KA0Q with PID 28080 (D:\IdeaProjects\NEOVASAPI\target\classes started by asus in D:\IdeaProjects\NEOVASAPI)
2019-12-06 10:32:18,686 DEBUG com.neo.gw.NeovasapiApplication [main] Running with Spring Boot v2.2.1.RELEASE, Spring v5.2.1.RELEASE
2019-12-06 10:32:18,686 INFO com.neo.gw.NeovasapiApplication [main] No active profile set, falling back to default profiles: default
2019-12-06 10:32:19,742 INFO com.neo.gw.NeovasapiApplication [main] Started NeovasapiApplication in 1.332 seconds (JVM running for 2.148)
2019-12-06 10:47:11,647 INFO com.neo.gw.NeovasapiApplication [main] Starting NeovasapiApplication on DESKTOP-OL2KA0Q with PID 17064 (D:\IdeaProjects\NEOVASAPI\target\classes started by asus in D:\IdeaProjects\NEOVASAPI)
2019-12-06 10:47:11,752 DEBUG com.neo.gw.NeovasapiApplication [main] Running with Spring Boot v2.2.1.RELEASE, Spring v5.2.1.RELEASE
2019-12-06 10:47:11,753 INFO com.neo.gw.NeovasapiApplication [main] No active profile set, falling back to default profiles: default
2019-12-06 10:47:12,990 INFO com.neo.gw.NeovasapiApplication [main] Started NeovasapiApplication in 1.684 seconds (JVM running for 2.946)
2019-12-06 11:14:56,742 INFO com.neo.gw.NeovasapiApplication [main] Starting NeovasapiApplication on DESKTOP-OL2KA0Q with PID 19008 (D:\IdeaProjects\NEOVASAPI\target\classes started by asus in D:\IdeaProjects\NEOVASAPI)
2019-12-06 11:14:56,746 DEBUG com.neo.gw.NeovasapiApplication [main] Running with Spring Boot v2.2.1.RELEASE, Spring v5.2.1.RELEASE
2019-12-06 11:14:56,747 INFO com.neo.gw.NeovasapiApplication [main] No active profile set, falling back to default profiles: default
2019-12-06 11:14:57,820 INFO com.neo.gw.NeovasapiApplication [main] Started NeovasapiApplication in 1.368 seconds (JVM running for 2.205)
2019-12-06 13:38:41,569 INFO com.neo.gw.NeovasapiApplication [main] Starting NeovasapiApplication on DESKTOP-OL2KA0Q with PID 18488 (D:\IdeaProjects\NEOVASAPI\target\classes started by asus in D:\IdeaProjects\NEOVASAPI)
2019-12-06 13:38:41,572 DEBUG com.neo.gw.NeovasapiApplication [main] Running with Spring Boot v2.2.1.RELEASE, Spring v5.2.1.RELEASE
2019-12-06 13:38:41,573 INFO com.neo.gw.NeovasapiApplication [main] No active profile set, falling back to default profiles: default
2019-12-06 13:38:42,622 INFO com.neo.gw.NeovasapiApplication [main] Started NeovasapiApplication in 1.334 seconds (JVM running for 2.223)
2019-12-06 14:24:12,210 INFO com.neo.gw.NeovasapiApplication [main] Starting NeovasapiApplication on DESKTOP-OL2KA0Q with PID 21108 (D:\IdeaProjects\NEOVASAPI\target\classes started by asus in D:\IdeaProjects\NEOVASAPI)
2019-12-06 14:24:12,212 DEBUG com.neo.gw.NeovasapiApplication [main] Running with Spring Boot v2.2.1.RELEASE, Spring v5.2.1.RELEASE
2019-12-06 14:24:12,212 INFO com.neo.gw.NeovasapiApplication [main] No active profile set, falling back to default profiles: default
2019-12-06 14:24:13,373 INFO com.neo.gw.NeovasapiApplication [main] Started NeovasapiApplication in 1.442 seconds (JVM running for 2.29)
2019-12-06 14:25:03,801 INFO com.neo.gw.NeovasapiApplication [main] Starting NeovasapiApplication on DESKTOP-OL2KA0Q with PID 19820 (D:\IdeaProjects\NEOVASAPI\target\classes started by asus in D:\IdeaProjects\NEOVASAPI)
2019-12-06 14:25:03,804 DEBUG com.neo.gw.NeovasapiApplication [main] Running with Spring Boot v2.2.1.RELEASE, Spring v5.2.1.RELEASE
2019-12-06 14:25:03,805 INFO com.neo.gw.NeovasapiApplication [main] No active profile set, falling back to default profiles: default
2019-12-06 14:25:04,903 INFO com.neo.gw.NeovasapiApplication [main] Started NeovasapiApplication in 1.389 seconds (JVM running for 2.268)
2019-12-06 14:25:34,565 INFO com.neo.gw.NeovasapiApplication [main] Starting NeovasapiApplication on DESKTOP-OL2KA0Q with PID 2912 (D:\IdeaProjects\NEOVASAPI\target\classes started by asus in D:\IdeaProjects\NEOVASAPI)
2019-12-06 14:25:34,568 DEBUG com.neo.gw.NeovasapiApplication [main] Running with Spring Boot v2.2.1.RELEASE, Spring v5.2.1.RELEASE
2019-12-06 14:25:34,568 INFO com.neo.gw.NeovasapiApplication [main] No active profile set, falling back to default profiles: default
2019-12-06 14:25:35,695 INFO com.neo.gw.NeovasapiApplication [main] Started NeovasapiApplication in 1.408 seconds (JVM running for 2.233)
2019-12-06 14:27:57,202 INFO com.neo.gw.NeovasapiApplication [main] Starting NeovasapiApplication on DESKTOP-OL2KA0Q with PID 4956 (D:\IdeaProjects\NEOVASAPI\target\classes started by asus in D:\IdeaProjects\NEOVASAPI)
2019-12-06 14:27:57,206 DEBUG com.neo.gw.NeovasapiApplication [main] Running with Spring Boot v2.2.1.RELEASE, Spring v5.2.1.RELEASE
2019-12-06 14:27:57,206 INFO com.neo.gw.NeovasapiApplication [main] No active profile set, falling back to default profiles: default
2019-12-06 14:27:58,251 INFO com.neo.gw.NeovasapiApplication [main] Started NeovasapiApplication in 1.352 seconds (JVM running for 2.166)
2019-12-06 15:08:59,846 INFO com.neo.gw.NeovasapiApplication [main] Starting NeovasapiApplication on DESKTOP-OL2KA0Q with PID 16640 (D:\IdeaProjects\NEOVASAPI\target\classes started by asus in D:\IdeaProjects\NEOVASAPI)
2019-12-06 15:08:59,849 DEBUG com.neo.gw.NeovasapiApplication [main] Running with Spring Boot v2.2.1.RELEASE, Spring v5.2.1.RELEASE
2019-12-06 15:08:59,849 INFO com.neo.gw.NeovasapiApplication [main] No active profile set, falling back to default profiles: default
2019-12-06 15:09:01,065 INFO com.neo.gw.NeovasapiApplication [main] Started NeovasapiApplication in 1.488 seconds (JVM running for 2.335)
2019-12-06 15:10:49,281 INFO com.neo.gw.NeovasapiApplication [main] Starting NeovasapiApplication on DESKTOP-OL2KA0Q with PID 23508 (D:\IdeaProjects\NEOVASAPI\target\classes started by asus in D:\IdeaProjects\NEOVASAPI)
2019-12-06 15:10:49,284 DEBUG com.neo.gw.NeovasapiApplication [main] Running with Spring Boot v2.2.1.RELEASE, Spring v5.2.1.RELEASE
2019-12-06 15:10:49,285 INFO com.neo.gw.NeovasapiApplication [main] No active profile set, falling back to default profiles: default
2019-12-06 15:10:50,394 INFO com.neo.gw.NeovasapiApplication [main] Started NeovasapiApplication in 1.394 seconds (JVM running for 2.187)
2019-12-06 15:20:22,839 INFO com.neo.gw.NeovasapiApplication [main] Starting NeovasapiApplication on DESKTOP-OL2KA0Q with PID 4576 (D:\IdeaProjects\NEOVASAPI\target\classes started by asus in D:\IdeaProjects\NEOVASAPI)
2019-12-06 15:20:22,842 DEBUG com.neo.gw.NeovasapiApplication [main] Running with Spring Boot v2.2.1.RELEASE, Spring v5.2.1.RELEASE
2019-12-06 15:20:22,843 INFO com.neo.gw.NeovasapiApplication [main] No active profile set, falling back to default profiles: default
2019-12-06 15:20:24,023 INFO com.neo.gw.NeovasapiApplication [main] Started NeovasapiApplication in 1.468 seconds (JVM running for 2.268)
2019-12-06 15:39:38,105 INFO com.neo.gw.NeovasapiApplication [main] Starting NeovasapiApplication on DESKTOP-OL2KA0Q with PID 16324 (D:\IdeaProjects\NEOVASAPI\target\classes started by asus in D:\IdeaProjects\NEOVASAPI)
2019-12-06 15:39:38,107 DEBUG com.neo.gw.NeovasapiApplication [main] Running with Spring Boot v2.2.1.RELEASE, Spring v5.2.1.RELEASE
2019-12-06 15:39:38,108 INFO com.neo.gw.NeovasapiApplication [main] No active profile set, falling back to default profiles: default
2019-12-06 15:39:39,211 INFO com.neo.gw.NeovasapiApplication [main] Started NeovasapiApplication in 1.402 seconds (JVM running for 2.222)
2019-12-06 15:41:46,132 INFO com.neo.gw.NeovasapiApplication [main] Starting NeovasapiApplication on DESKTOP-OL2KA0Q with PID 21116 (D:\IdeaProjects\NEOVASAPI\target\classes started by asus in D:\IdeaProjects\NEOVASAPI)
2019-12-06 15:41:46,135 DEBUG com.neo.gw.NeovasapiApplication [main] Running with Spring Boot v2.2.1.RELEASE, Spring v5.2.1.RELEASE
2019-12-06 15:41:46,135 INFO com.neo.gw.NeovasapiApplication [main] No active profile set, falling back to default profiles: default
2019-12-06 15:41:47,444 INFO com.neo.gw.NeovasapiApplication [main] Started NeovasapiApplication in 1.606 seconds (JVM running for 2.43)
2019-12-06 15:44:56,569 INFO com.neo.gw.NeovasapiApplication [main] Starting NeovasapiApplication on DESKTOP-OL2KA0Q with PID 18424 (D:\IdeaProjects\NEOVASAPI\target\classes started by asus in D:\IdeaProjects\NEOVASAPI)
2019-12-06 15:44:56,572 DEBUG com.neo.gw.NeovasapiApplication [main] Running with Spring Boot v2.2.1.RELEASE, Spring v5.2.1.RELEASE
2019-12-06 15:44:56,572 INFO com.neo.gw.NeovasapiApplication [main] No active profile set, falling back to default profiles: default
2019-12-06 15:44:57,736 INFO com.neo.gw.NeovasapiApplication [main] Started NeovasapiApplication in 1.441 seconds (JVM running for 2.265)
2019-12-06 15:45:23,832 INFO com.neo.gw.NeovasapiApplication [main] Starting NeovasapiApplication on DESKTOP-OL2KA0Q with PID 17096 (D:\IdeaProjects\NEOVASAPI\target\classes started by asus in D:\IdeaProjects\NEOVASAPI)
2019-12-06 15:45:23,834 DEBUG com.neo.gw.NeovasapiApplication [main] Running with Spring Boot v2.2.1.RELEASE, Spring v5.2.1.RELEASE
2019-12-06 15:45:23,835 INFO com.neo.gw.NeovasapiApplication [main] No active profile set, falling back to default profiles: default
2019-12-06 15:45:24,926 INFO com.neo.gw.NeovasapiApplication [main] Started NeovasapiApplication in 1.372 seconds (JVM running for 2.259)
2019-12-06 16:43:24,588 INFO com.neo.gw.NeovasapiApplication [main] Starting NeovasapiApplication on DESKTOP-OL2KA0Q with PID 22264 (D:\IdeaProjects\NEOVASAPI\target\classes started by asus in D:\IdeaProjects\NEOVASAPI)
2019-12-06 16:43:24,591 DEBUG com.neo.gw.NeovasapiApplication [main] Running with Spring Boot v2.2.1.RELEASE, Spring v5.2.1.RELEASE
2019-12-06 16:43:24,591 INFO com.neo.gw.NeovasapiApplication [main] No active profile set, falling back to default profiles: default
2019-12-06 16:43:25,831 INFO com.neo.gw.NeovasapiApplication [main] Started NeovasapiApplication in 1.608 seconds (JVM running for 2.554)
